<?xml version="1.0" encoding="UTF-8"?>
<!-- Generated by org.testng.reporters.JUnitReportReporter -->
<testsuite hostname="LAPTOP-SB5V8C5N" failures="0" tests="1" name="com.orangehrm.testPackage.TestCase" time="14.081" errors="0" timestamp="2021-12-29T19:54:40 IST" skipped="0">
  <testcase classname="com.orangehrm.testPackage.TestCase" name="orangehrm" time="14.081"/>
</testsuite> <!-- com.orangehrm.testPackage.TestCase -->
